[2025-03-29 01:33:52] Database connection failed. Please try again later.
[2025-03-29 14:58:13] Database connection failed. Please try again later.
[2025-03-29 15:52:43] include(D:\programming\degree\y2s2\web-php\assignment\PHPshop\app/../include/header.php): Failed to open stream: No such file or directory in D:\programming\degree\y2s2\web-php\assignment\PHPshop\app\login.php on line 66
[2025-03-29 15:52:43] include(): Failed opening 'D:\programming\degree\y2s2\web-php\assignment\PHPshop\app/../include/header.php' for inclusion (include_path='D:\xampp\php\PEAR') in D:\programming\degree\y2s2\web-php\assignment\PHPshop\app\login.php on line 66
[2025-03-29 15:52:43] include(D:\programming\degree\y2s2\web-php\assignment\PHPshop\app/../include/footer.php): Failed to open stream: No such file or directory in D:\programming\degree\y2s2\web-php\assignment\PHPshop\app\login.php on line 104
[2025-03-29 15:52:43] include(): Failed opening 'D:\programming\degree\y2s2\web-php\assignment\PHPshop\app/../include/footer.php' for inclusion (include_path='D:\xampp\php\PEAR') in D:\programming\degree\y2s2\web-php\assignment\PHPshop\app\login.php on line 104
[2025-03-29 15:52:47] include(D:\programming\degree\y2s2\web-php\assignment\PHPshop\app/../include/header.php): Failed to open stream: No such file or directory in D:\programming\degree\y2s2\web-php\assignment\PHPshop\app\login.php on line 66
[2025-03-29 15:52:47] include(): Failed opening 'D:\programming\degree\y2s2\web-php\assignment\PHPshop\app/../include/header.php' for inclusion (include_path='D:\xampp\php\PEAR') in D:\programming\degree\y2s2\web-php\assignment\PHPshop\app\login.php on line 66
[2025-03-29 15:52:47] include(D:\programming\degree\y2s2\web-php\assignment\PHPshop\app/../include/footer.php): Failed to open stream: No such file or directory in D:\programming\degree\y2s2\web-php\assignment\PHPshop\app\login.php on line 104
[2025-03-29 15:52:47] include(): Failed opening 'D:\programming\degree\y2s2\web-php\assignment\PHPshop\app/../include/footer.php' for inclusion (include_path='D:\xampp\php\PEAR') in D:\programming\degree\y2s2\web-php\assignment\PHPshop\app\login.php on line 104
[2025-03-29 15:54:29] include(D:\programming\degree\y2s2\web-php\assignment\PHPshop\app/../include/header.php): Failed to open stream: No such file or directory in D:\programming\degree\y2s2\web-php\assignment\PHPshop\app\login.php on line 66
[2025-03-29 15:54:29] include(): Failed opening 'D:\programming\degree\y2s2\web-php\assignment\PHPshop\app/../include/header.php' for inclusion (include_path='D:\xampp\php\PEAR') in D:\programming\degree\y2s2\web-php\assignment\PHPshop\app\login.php on line 66
[2025-03-29 15:54:29] include(D:\programming\degree\y2s2\web-php\assignment\PHPshop\app/../include/footer.php): Failed to open stream: No such file or directory in D:\programming\degree\y2s2\web-php\assignment\PHPshop\app\login.php on line 104
[2025-03-29 15:54:29] include(): Failed opening 'D:\programming\degree\y2s2\web-php\assignment\PHPshop\app/../include/footer.php' for inclusion (include_path='D:\xampp\php\PEAR') in D:\programming\degree\y2s2\web-php\assignment\PHPshop\app\login.php on line 104
[2025-03-29 15:54:30] include(D:\programming\degree\y2s2\web-php\assignment\PHPshop\app/../include/header.php): Failed to open stream: No such file or directory in D:\programming\degree\y2s2\web-php\assignment\PHPshop\app\login.php on line 66
[2025-03-29 15:54:30] include(): Failed opening 'D:\programming\degree\y2s2\web-php\assignment\PHPshop\app/../include/header.php' for inclusion (include_path='D:\xampp\php\PEAR') in D:\programming\degree\y2s2\web-php\assignment\PHPshop\app\login.php on line 66
[2025-03-29 15:54:30] include(D:\programming\degree\y2s2\web-php\assignment\PHPshop\app/../include/footer.php): Failed to open stream: No such file or directory in D:\programming\degree\y2s2\web-php\assignment\PHPshop\app\login.php on line 104
[2025-03-29 15:54:30] include(): Failed opening 'D:\programming\degree\y2s2\web-php\assignment\PHPshop\app/../include/footer.php' for inclusion (include_path='D:\xampp\php\PEAR') in D:\programming\degree\y2s2\web-php\assignment\PHPshop\app\login.php on line 104
[2025-03-29 16:05:58] include(D:\programming\degree\y2s2\web-php\assignment\PHPshop\app/../include/header.php): Failed to open stream: No such file or directory in D:\programming\degree\y2s2\web-php\assignment\PHPshop\app\login.php on line 66
[2025-03-29 16:05:58] include(): Failed opening 'D:\programming\degree\y2s2\web-php\assignment\PHPshop\app/../include/header.php' for inclusion (include_path='D:\xampp\php\PEAR') in D:\programming\degree\y2s2\web-php\assignment\PHPshop\app\login.php on line 66
[2025-03-29 16:05:58] include(D:\programming\degree\y2s2\web-php\assignment\PHPshop\app/../include/footer.php): Failed to open stream: No such file or directory in D:\programming\degree\y2s2\web-php\assignment\PHPshop\app\login.php on line 104
[2025-03-29 16:05:58] include(): Failed opening 'D:\programming\degree\y2s2\web-php\assignment\PHPshop\app/../include/footer.php' for inclusion (include_path='D:\xampp\php\PEAR') in D:\programming\degree\y2s2\web-php\assignment\PHPshop\app\login.php on line 104
[2025-03-29 16:06:03] include(D:\programming\degree\y2s2\web-php\assignment\PHPshop\app/../include/header.php): Failed to open stream: No such file or directory in D:\programming\degree\y2s2\web-php\assignment\PHPshop\app\login.php on line 66
[2025-03-29 16:06:03] include(): Failed opening 'D:\programming\degree\y2s2\web-php\assignment\PHPshop\app/../include/header.php' for inclusion (include_path='D:\xampp\php\PEAR') in D:\programming\degree\y2s2\web-php\assignment\PHPshop\app\login.php on line 66
[2025-03-29 16:06:03] include(D:\programming\degree\y2s2\web-php\assignment\PHPshop\app/../include/footer.php): Failed to open stream: No such file or directory in D:\programming\degree\y2s2\web-php\assignment\PHPshop\app\login.php on line 104
[2025-03-29 16:06:03] include(): Failed opening 'D:\programming\degree\y2s2\web-php\assignment\PHPshop\app/../include/footer.php' for inclusion (include_path='D:\xampp\php\PEAR') in D:\programming\degree\y2s2\web-php\assignment\PHPshop\app\login.php on line 104
[2025-03-30 22:12:28] include(D:\programming\degree\y2s2\web-php\assignment\PHPshop\app/../include/header.php): Failed to open stream: No such file or directory in D:\programming\degree\y2s2\web-php\assignment\PHPshop\app\login.php on line 66
[2025-03-30 22:12:28] include(): Failed opening 'D:\programming\degree\y2s2\web-php\assignment\PHPshop\app/../include/header.php' for inclusion (include_path='D:\xampp\php\PEAR') in D:\programming\degree\y2s2\web-php\assignment\PHPshop\app\login.php on line 66
[2025-03-30 22:12:28] include(D:\programming\degree\y2s2\web-php\assignment\PHPshop\app/../include/footer.php): Failed to open stream: No such file or directory in D:\programming\degree\y2s2\web-php\assignment\PHPshop\app\login.php on line 104
[2025-03-30 22:12:28] include(): Failed opening 'D:\programming\degree\y2s2\web-php\assignment\PHPshop\app/../include/footer.php' for inclusion (include_path='D:\xampp\php\PEAR') in D:\programming\degree\y2s2\web-php\assignment\PHPshop\app\login.php on line 104
[2025-03-30 22:13:21] include(D:\programming\degree\y2s2\web-php\assignment\PHPshop\app/../include/header.php): Failed to open stream: No such file or directory in D:\programming\degree\y2s2\web-php\assignment\PHPshop\app\login.php on line 66
[2025-03-30 22:13:21] include(): Failed opening 'D:\programming\degree\y2s2\web-php\assignment\PHPshop\app/../include/header.php' for inclusion (include_path='D:\xampp\php\PEAR') in D:\programming\degree\y2s2\web-php\assignment\PHPshop\app\login.php on line 66
[2025-03-30 22:13:21] include(D:\programming\degree\y2s2\web-php\assignment\PHPshop\app/../include/footer.php): Failed to open stream: No such file or directory in D:\programming\degree\y2s2\web-php\assignment\PHPshop\app\login.php on line 104
[2025-03-30 22:13:21] include(): Failed opening 'D:\programming\degree\y2s2\web-php\assignment\PHPshop\app/../include/footer.php' for inclusion (include_path='D:\xampp\php\PEAR') in D:\programming\degree\y2s2\web-php\assignment\PHPshop\app\login.php on line 104
[2025-03-30 22:16:11] include(D:\programming\degree\y2s2\web-php\assignment\PHPshop\app/../include/header.php): Failed to open stream: No such file or directory in D:\programming\degree\y2s2\web-php\assignment\PHPshop\app\signup.php on line 66
[2025-03-30 22:16:11] include(): Failed opening 'D:\programming\degree\y2s2\web-php\assignment\PHPshop\app/../include/header.php' for inclusion (include_path='D:\xampp\php\PEAR') in D:\programming\degree\y2s2\web-php\assignment\PHPshop\app\signup.php on line 66
[2025-03-30 22:16:11] include(D:\programming\degree\y2s2\web-php\assignment\PHPshop\app/../include/footer.php): Failed to open stream: No such file or directory in D:\programming\degree\y2s2\web-php\assignment\PHPshop\app\signup.php on line 104
[2025-03-30 22:16:11] include(): Failed opening 'D:\programming\degree\y2s2\web-php\assignment\PHPshop\app/../include/footer.php' for inclusion (include_path='D:\xampp\php\PEAR') in D:\programming\degree\y2s2\web-php\assignment\PHPshop\app\signup.php on line 104
[2025-03-30 22:16:14] include(D:\programming\degree\y2s2\web-php\assignment\PHPshop\app/../include/header.php): Failed to open stream: No such file or directory in D:\programming\degree\y2s2\web-php\assignment\PHPshop\app\login.php on line 66
[2025-03-30 22:16:14] include(): Failed opening 'D:\programming\degree\y2s2\web-php\assignment\PHPshop\app/../include/header.php' for inclusion (include_path='D:\xampp\php\PEAR') in D:\programming\degree\y2s2\web-php\assignment\PHPshop\app\login.php on line 66
[2025-03-30 22:16:14] include(D:\programming\degree\y2s2\web-php\assignment\PHPshop\app/../include/footer.php): Failed to open stream: No such file or directory in D:\programming\degree\y2s2\web-php\assignment\PHPshop\app\login.php on line 104
[2025-03-30 22:16:14] include(): Failed opening 'D:\programming\degree\y2s2\web-php\assignment\PHPshop\app/../include/footer.php' for inclusion (include_path='D:\xampp\php\PEAR') in D:\programming\degree\y2s2\web-php\assignment\PHPshop\app\login.php on line 104
[2025-03-30 22:16:16] include(D:\programming\degree\y2s2\web-php\assignment\PHPshop\app/../include/header.php): Failed to open stream: No such file or directory in D:\programming\degree\y2s2\web-php\assignment\PHPshop\app\signup.php on line 66
[2025-03-30 22:16:16] include(): Failed opening 'D:\programming\degree\y2s2\web-php\assignment\PHPshop\app/../include/header.php' for inclusion (include_path='D:\xampp\php\PEAR') in D:\programming\degree\y2s2\web-php\assignment\PHPshop\app\signup.php on line 66
[2025-03-30 22:16:16] include(D:\programming\degree\y2s2\web-php\assignment\PHPshop\app/../include/footer.php): Failed to open stream: No such file or directory in D:\programming\degree\y2s2\web-php\assignment\PHPshop\app\signup.php on line 104
[2025-03-30 22:16:16] include(): Failed opening 'D:\programming\degree\y2s2\web-php\assignment\PHPshop\app/../include/footer.php' for inclusion (include_path='D:\xampp\php\PEAR') in D:\programming\degree\y2s2\web-php\assignment\PHPshop\app\signup.php on line 104
[2025-03-30 22:16:28] include(D:\programming\degree\y2s2\web-php\assignment\PHPshop\app/../include/header.php): Failed to open stream: No such file or directory in D:\programming\degree\y2s2\web-php\assignment\PHPshop\app\signup.php on line 66
[2025-03-30 22:16:28] include(): Failed opening 'D:\programming\degree\y2s2\web-php\assignment\PHPshop\app/../include/header.php' for inclusion (include_path='D:\xampp\php\PEAR') in D:\programming\degree\y2s2\web-php\assignment\PHPshop\app\signup.php on line 66
[2025-03-30 22:16:28] include(D:\programming\degree\y2s2\web-php\assignment\PHPshop\app/../include/footer.php): Failed to open stream: No such file or directory in D:\programming\degree\y2s2\web-php\assignment\PHPshop\app\signup.php on line 104
[2025-03-30 22:16:28] include(): Failed opening 'D:\programming\degree\y2s2\web-php\assignment\PHPshop\app/../include/footer.php' for inclusion (include_path='D:\xampp\php\PEAR') in D:\programming\degree\y2s2\web-php\assignment\PHPshop\app\signup.php on line 104
[2025-03-30 22:16:46] include(D:\programming\degree\y2s2\web-php\assignment\PHPshop\app/../include/header.php): Failed to open stream: No such file or directory in D:\programming\degree\y2s2\web-php\assignment\PHPshop\app\login.php on line 66
[2025-03-30 22:16:46] include(): Failed opening 'D:\programming\degree\y2s2\web-php\assignment\PHPshop\app/../include/header.php' for inclusion (include_path='D:\xampp\php\PEAR') in D:\programming\degree\y2s2\web-php\assignment\PHPshop\app\login.php on line 66
[2025-03-30 22:16:46] include(D:\programming\degree\y2s2\web-php\assignment\PHPshop\app/../include/footer.php): Failed to open stream: No such file or directory in D:\programming\degree\y2s2\web-php\assignment\PHPshop\app\login.php on line 104
[2025-03-30 22:16:46] include(): Failed opening 'D:\programming\degree\y2s2\web-php\assignment\PHPshop\app/../include/footer.php' for inclusion (include_path='D:\xampp\php\PEAR') in D:\programming\degree\y2s2\web-php\assignment\PHPshop\app\login.php on line 104
[2025-03-30 22:17:34] include(D:\programming\degree\y2s2\web-php\assignment\PHPshop\app/../include/header.php): Failed to open stream: No such file or directory in D:\programming\degree\y2s2\web-php\assignment\PHPshop\app\login.php on line 66
[2025-03-30 22:17:34] include(): Failed opening 'D:\programming\degree\y2s2\web-php\assignment\PHPshop\app/../include/header.php' for inclusion (include_path='D:\xampp\php\PEAR') in D:\programming\degree\y2s2\web-php\assignment\PHPshop\app\login.php on line 66
[2025-03-30 22:17:34] include(D:\programming\degree\y2s2\web-php\assignment\PHPshop\app/../include/footer.php): Failed to open stream: No such file or directory in D:\programming\degree\y2s2\web-php\assignment\PHPshop\app\login.php on line 104
[2025-03-30 22:17:34] include(): Failed opening 'D:\programming\degree\y2s2\web-php\assignment\PHPshop\app/../include/footer.php' for inclusion (include_path='D:\xampp\php\PEAR') in D:\programming\degree\y2s2\web-php\assignment\PHPshop\app\login.php on line 104
[2025-03-30 22:17:36] include(/../include/header.php): Failed to open stream: No such file or directory in D:\programming\degree\y2s2\web-php\assignment\PHPshop\app\signup.php on line 66
[2025-03-30 22:17:36] include(): Failed opening '/../include/header.php' for inclusion (include_path='D:\xampp\php\PEAR') in D:\programming\degree\y2s2\web-php\assignment\PHPshop\app\signup.php on line 66
[2025-03-30 22:17:36] include(D:\programming\degree\y2s2\web-php\assignment\PHPshop\app/../include/footer.php): Failed to open stream: No such file or directory in D:\programming\degree\y2s2\web-php\assignment\PHPshop\app\signup.php on line 104
[2025-03-30 22:17:36] include(): Failed opening 'D:\programming\degree\y2s2\web-php\assignment\PHPshop\app/../include/footer.php' for inclusion (include_path='D:\xampp\php\PEAR') in D:\programming\degree\y2s2\web-php\assignment\PHPshop\app\signup.php on line 104
[2025-03-30 22:19:33] include(/../include/header.php): Failed to open stream: No such file or directory in D:\programming\degree\y2s2\web-php\assignment\PHPshop\app\signup.php on line 66
[2025-03-30 22:19:33] include(): Failed opening '/../include/header.php' for inclusion (include_path='D:\xampp\php\PEAR') in D:\programming\degree\y2s2\web-php\assignment\PHPshop\app\signup.php on line 66
[2025-03-30 22:19:33] include(D:\programming\degree\y2s2\web-php\assignment\PHPshop\app/../include/footer.php): Failed to open stream: No such file or directory in D:\programming\degree\y2s2\web-php\assignment\PHPshop\app\signup.php on line 104
[2025-03-30 22:19:33] include(): Failed opening 'D:\programming\degree\y2s2\web-php\assignment\PHPshop\app/../include/footer.php' for inclusion (include_path='D:\xampp\php\PEAR') in D:\programming\degree\y2s2\web-php\assignment\PHPshop\app\signup.php on line 104
[2025-03-30 22:19:39] include(/../include/header.php): Failed to open stream: No such file or directory in D:\programming\degree\y2s2\web-php\assignment\PHPshop\app\signup.php on line 66
[2025-03-30 22:19:39] include(): Failed opening '/../include/header.php' for inclusion (include_path='D:\xampp\php\PEAR') in D:\programming\degree\y2s2\web-php\assignment\PHPshop\app\signup.php on line 66
[2025-03-30 22:19:39] include(D:\programming\degree\y2s2\web-php\assignment\PHPshop\app/../include/footer.php): Failed to open stream: No such file or directory in D:\programming\degree\y2s2\web-php\assignment\PHPshop\app\signup.php on line 104
[2025-03-30 22:19:39] include(): Failed opening 'D:\programming\degree\y2s2\web-php\assignment\PHPshop\app/../include/footer.php' for inclusion (include_path='D:\xampp\php\PEAR') in D:\programming\degree\y2s2\web-php\assignment\PHPshop\app\signup.php on line 104
[2025-03-30 22:24:03] include(/../include/header.php): Failed to open stream: No such file or directory in D:\programming\degree\y2s2\web-php\assignment\PHPshop\app\signup.php on line 60
[2025-03-30 22:24:03] include(): Failed opening '/../include/header.php' for inclusion (include_path='D:\xampp\php\PEAR') in D:\programming\degree\y2s2\web-php\assignment\PHPshop\app\signup.php on line 60
[2025-03-30 22:24:03] include(D:\programming\degree\y2s2\web-php\assignment\PHPshop\app/../include/footer.php): Failed to open stream: No such file or directory in D:\programming\degree\y2s2\web-php\assignment\PHPshop\app\signup.php on line 98
[2025-03-30 22:24:03] include(): Failed opening 'D:\programming\degree\y2s2\web-php\assignment\PHPshop\app/../include/footer.php' for inclusion (include_path='D:\xampp\php\PEAR') in D:\programming\degree\y2s2\web-php\assignment\PHPshop\app\signup.php on line 98
[2025-03-30 22:24:12] Undefined variable $conPassword in D:\programming\degree\y2s2\web-php\assignment\PHPshop\app\signup.php on line 26
[2025-03-30 22:24:12] include(/../include/header.php): Failed to open stream: No such file or directory in D:\programming\degree\y2s2\web-php\assignment\PHPshop\app\signup.php on line 60
[2025-03-30 22:24:12] include(): Failed opening '/../include/header.php' for inclusion (include_path='D:\xampp\php\PEAR') in D:\programming\degree\y2s2\web-php\assignment\PHPshop\app\signup.php on line 60
[2025-03-30 22:24:12] include(D:\programming\degree\y2s2\web-php\assignment\PHPshop\app/../include/footer.php): Failed to open stream: No such file or directory in D:\programming\degree\y2s2\web-php\assignment\PHPshop\app\signup.php on line 98
[2025-03-30 22:24:12] include(): Failed opening 'D:\programming\degree\y2s2\web-php\assignment\PHPshop\app/../include/footer.php' for inclusion (include_path='D:\xampp\php\PEAR') in D:\programming\degree\y2s2\web-php\assignment\PHPshop\app\signup.php on line 98
[2025-03-30 22:43:54] Undefined variable $conPassword in D:\programming\degree\y2s2\web-php\assignment\PHPshop\app\signup.php on line 26
[2025-03-30 22:43:54] include(/../include/header.php): Failed to open stream: No such file or directory in D:\programming\degree\y2s2\web-php\assignment\PHPshop\app\signup.php on line 68
[2025-03-30 22:43:54] include(): Failed opening '/../include/header.php' for inclusion (include_path='D:\xampp\php\PEAR') in D:\programming\degree\y2s2\web-php\assignment\PHPshop\app\signup.php on line 68
[2025-03-30 22:43:54] include(D:\programming\degree\y2s2\web-php\assignment\PHPshop\app/../include/footer.php): Failed to open stream: No such file or directory in D:\programming\degree\y2s2\web-php\assignment\PHPshop\app\signup.php on line 106
[2025-03-30 22:43:54] include(): Failed opening 'D:\programming\degree\y2s2\web-php\assignment\PHPshop\app/../include/footer.php' for inclusion (include_path='D:\xampp\php\PEAR') in D:\programming\degree\y2s2\web-php\assignment\PHPshop\app\signup.php on line 106
[2025-03-30 22:44:11] Undefined variable $conPassword in D:\programming\degree\y2s2\web-php\assignment\PHPshop\app\signup.php on line 26
[2025-03-30 22:44:11] include(/../include/header.php): Failed to open stream: No such file or directory in D:\programming\degree\y2s2\web-php\assignment\PHPshop\app\signup.php on line 68
[2025-03-30 22:44:11] include(): Failed opening '/../include/header.php' for inclusion (include_path='D:\xampp\php\PEAR') in D:\programming\degree\y2s2\web-php\assignment\PHPshop\app\signup.php on line 68
[2025-03-30 22:44:11] include(D:\programming\degree\y2s2\web-php\assignment\PHPshop\app/../include/footer.php): Failed to open stream: No such file or directory in D:\programming\degree\y2s2\web-php\assignment\PHPshop\app\signup.php on line 106
[2025-03-30 22:44:11] include(): Failed opening 'D:\programming\degree\y2s2\web-php\assignment\PHPshop\app/../include/footer.php' for inclusion (include_path='D:\xampp\php\PEAR') in D:\programming\degree\y2s2\web-php\assignment\PHPshop\app\signup.php on line 106
[2025-03-30 22:53:30] Undefined variable $conPassword in D:\programming\degree\y2s2\web-php\assignment\PHPshop\app\signup.php on line 26
[2025-03-30 22:53:30] include(/../include/header.php): Failed to open stream: No such file or directory in D:\programming\degree\y2s2\web-php\assignment\PHPshop\app\signup.php on line 87
[2025-03-30 22:53:30] include(): Failed opening '/../include/header.php' for inclusion (include_path='D:\xampp\php\PEAR') in D:\programming\degree\y2s2\web-php\assignment\PHPshop\app\signup.php on line 87
[2025-03-30 22:53:30] include(D:\programming\degree\y2s2\web-php\assignment\PHPshop\app/../include/footer.php): Failed to open stream: No such file or directory in D:\programming\degree\y2s2\web-php\assignment\PHPshop\app\signup.php on line 125
[2025-03-30 22:53:30] include(): Failed opening 'D:\programming\degree\y2s2\web-php\assignment\PHPshop\app/../include/footer.php' for inclusion (include_path='D:\xampp\php\PEAR') in D:\programming\degree\y2s2\web-php\assignment\PHPshop\app\signup.php on line 125
[2025-03-30 22:53:37] Undefined variable $conPassword in D:\programming\degree\y2s2\web-php\assignment\PHPshop\app\signup.php on line 26
[2025-03-30 22:53:37] include(/../include/header.php): Failed to open stream: No such file or directory in D:\programming\degree\y2s2\web-php\assignment\PHPshop\app\signup.php on line 87
[2025-03-30 22:53:37] include(): Failed opening '/../include/header.php' for inclusion (include_path='D:\xampp\php\PEAR') in D:\programming\degree\y2s2\web-php\assignment\PHPshop\app\signup.php on line 87
[2025-03-30 22:53:37] include(D:\programming\degree\y2s2\web-php\assignment\PHPshop\app/../include/footer.php): Failed to open stream: No such file or directory in D:\programming\degree\y2s2\web-php\assignment\PHPshop\app\signup.php on line 125
[2025-03-30 22:53:37] include(): Failed opening 'D:\programming\degree\y2s2\web-php\assignment\PHPshop\app/../include/footer.php' for inclusion (include_path='D:\xampp\php\PEAR') in D:\programming\degree\y2s2\web-php\assignment\PHPshop\app\signup.php on line 125
[2025-03-30 22:53:48] Undefined variable $conPassword in D:\programming\degree\y2s2\web-php\assignment\PHPshop\app\signup.php on line 26
[2025-03-30 22:53:48] include(/../include/header.php): Failed to open stream: No such file or directory in D:\programming\degree\y2s2\web-php\assignment\PHPshop\app\signup.php on line 87
[2025-03-30 22:53:48] include(): Failed opening '/../include/header.php' for inclusion (include_path='D:\xampp\php\PEAR') in D:\programming\degree\y2s2\web-php\assignment\PHPshop\app\signup.php on line 87
[2025-03-30 22:53:48] include(D:\programming\degree\y2s2\web-php\assignment\PHPshop\app/../include/footer.php): Failed to open stream: No such file or directory in D:\programming\degree\y2s2\web-php\assignment\PHPshop\app\signup.php on line 125
[2025-03-30 22:53:48] include(): Failed opening 'D:\programming\degree\y2s2\web-php\assignment\PHPshop\app/../include/footer.php' for inclusion (include_path='D:\xampp\php\PEAR') in D:\programming\degree\y2s2\web-php\assignment\PHPshop\app\signup.php on line 125
[2025-03-30 22:55:24] Undefined variable $conPassword in D:\programming\degree\y2s2\web-php\assignment\PHPshop\app\signup.php on line 26
[2025-03-30 22:55:24] include(/../include/header.php): Failed to open stream: No such file or directory in D:\programming\degree\y2s2\web-php\assignment\PHPshop\app\signup.php on line 87
[2025-03-30 22:55:24] include(): Failed opening '/../include/header.php' for inclusion (include_path='D:\xampp\php\PEAR') in D:\programming\degree\y2s2\web-php\assignment\PHPshop\app\signup.php on line 87
[2025-03-30 22:55:24] include(D:\programming\degree\y2s2\web-php\assignment\PHPshop\app/../include/footer.php): Failed to open stream: No such file or directory in D:\programming\degree\y2s2\web-php\assignment\PHPshop\app\signup.php on line 125
[2025-03-30 22:55:24] include(): Failed opening 'D:\programming\degree\y2s2\web-php\assignment\PHPshop\app/../include/footer.php' for inclusion (include_path='D:\xampp\php\PEAR') in D:\programming\degree\y2s2\web-php\assignment\PHPshop\app\signup.php on line 125
[2025-03-30 22:55:29] Undefined variable $conPassword in D:\programming\degree\y2s2\web-php\assignment\PHPshop\app\signup.php on line 26
[2025-03-30 22:55:29] include(/../include/header.php): Failed to open stream: No such file or directory in D:\programming\degree\y2s2\web-php\assignment\PHPshop\app\signup.php on line 87
[2025-03-30 22:55:29] include(): Failed opening '/../include/header.php' for inclusion (include_path='D:\xampp\php\PEAR') in D:\programming\degree\y2s2\web-php\assignment\PHPshop\app\signup.php on line 87
[2025-03-30 22:55:29] include(D:\programming\degree\y2s2\web-php\assignment\PHPshop\app/../include/footer.php): Failed to open stream: No such file or directory in D:\programming\degree\y2s2\web-php\assignment\PHPshop\app\signup.php on line 125
[2025-03-30 22:55:29] include(): Failed opening 'D:\programming\degree\y2s2\web-php\assignment\PHPshop\app/../include/footer.php' for inclusion (include_path='D:\xampp\php\PEAR') in D:\programming\degree\y2s2\web-php\assignment\PHPshop\app\signup.php on line 125
[2025-03-30 22:57:56] Undefined variable $conPassword in D:\programming\degree\y2s2\web-php\assignment\PHPshop\app\signup.php on line 26
[2025-03-30 22:57:56] include(/../include/header.php): Failed to open stream: No such file or directory in D:\programming\degree\y2s2\web-php\assignment\PHPshop\app\signup.php on line 80
[2025-03-30 22:57:56] include(): Failed opening '/../include/header.php' for inclusion (include_path='D:\xampp\php\PEAR') in D:\programming\degree\y2s2\web-php\assignment\PHPshop\app\signup.php on line 80
[2025-03-30 22:57:56] include(D:\programming\degree\y2s2\web-php\assignment\PHPshop\app/../include/footer.php): Failed to open stream: No such file or directory in D:\programming\degree\y2s2\web-php\assignment\PHPshop\app\signup.php on line 118
[2025-03-30 22:57:56] include(): Failed opening 'D:\programming\degree\y2s2\web-php\assignment\PHPshop\app/../include/footer.php' for inclusion (include_path='D:\xampp\php\PEAR') in D:\programming\degree\y2s2\web-php\assignment\PHPshop\app\signup.php on line 118
[2025-03-30 22:59:17] Undefined variable $conPassword in D:\programming\degree\y2s2\web-php\assignment\PHPshop\app\signup.php on line 26
[2025-03-30 22:59:17] include(/../include/header.php): Failed to open stream: No such file or directory in D:\programming\degree\y2s2\web-php\assignment\PHPshop\app\signup.php on line 80
[2025-03-30 22:59:17] include(): Failed opening '/../include/header.php' for inclusion (include_path='D:\xampp\php\PEAR') in D:\programming\degree\y2s2\web-php\assignment\PHPshop\app\signup.php on line 80
[2025-03-30 22:59:17] include(D:\programming\degree\y2s2\web-php\assignment\PHPshop\app/../include/footer.php): Failed to open stream: No such file or directory in D:\programming\degree\y2s2\web-php\assignment\PHPshop\app\signup.php on line 118
[2025-03-30 22:59:17] include(): Failed opening 'D:\programming\degree\y2s2\web-php\assignment\PHPshop\app/../include/footer.php' for inclusion (include_path='D:\xampp\php\PEAR') in D:\programming\degree\y2s2\web-php\assignment\PHPshop\app\signup.php on line 118
[2025-03-30 23:00:17] include(D:\programming\degree\y2s2\web-php\assignment\PHPshop\app/../include/header.php): Failed to open stream: No such file or directory in D:\programming\degree\y2s2\web-php\assignment\PHPshop\app\signup.php on line 96
[2025-03-30 23:00:17] include(): Failed opening 'D:\programming\degree\y2s2\web-php\assignment\PHPshop\app/../include/header.php' for inclusion (include_path='D:\xampp\php\PEAR') in D:\programming\degree\y2s2\web-php\assignment\PHPshop\app\signup.php on line 96
[2025-03-30 23:00:17] include(D:\programming\degree\y2s2\web-php\assignment\PHPshop\app/../include/footer.php): Failed to open stream: No such file or directory in D:\programming\degree\y2s2\web-php\assignment\PHPshop\app\signup.php on line 133
[2025-03-30 23:00:17] include(): Failed opening 'D:\programming\degree\y2s2\web-php\assignment\PHPshop\app/../include/footer.php' for inclusion (include_path='D:\xampp\php\PEAR') in D:\programming\degree\y2s2\web-php\assignment\PHPshop\app\signup.php on line 133
[2025-03-30 23:00:24] Cannot access "self" when no class scope is active
[2025-03-30 23:00:34] include(D:\programming\degree\y2s2\web-php\assignment\PHPshop\app/../include/header.php): Failed to open stream: No such file or directory in D:\programming\degree\y2s2\web-php\assignment\PHPshop\app\signup.php on line 96
[2025-03-30 23:00:34] include(): Failed opening 'D:\programming\degree\y2s2\web-php\assignment\PHPshop\app/../include/header.php' for inclusion (include_path='D:\xampp\php\PEAR') in D:\programming\degree\y2s2\web-php\assignment\PHPshop\app\signup.php on line 96
[2025-03-30 23:00:34] include(D:\programming\degree\y2s2\web-php\assignment\PHPshop\app/../include/footer.php): Failed to open stream: No such file or directory in D:\programming\degree\y2s2\web-php\assignment\PHPshop\app\signup.php on line 133
[2025-03-30 23:00:34] include(): Failed opening 'D:\programming\degree\y2s2\web-php\assignment\PHPshop\app/../include/footer.php' for inclusion (include_path='D:\xampp\php\PEAR') in D:\programming\degree\y2s2\web-php\assignment\PHPshop\app\signup.php on line 133
[2025-04-01 21:47:20] include(/../include/header.php): Failed to open stream: No such file or directory in D:\programming\degree\y2s2\web-php\assignment\PHPshop\app\login.php on line 66
[2025-04-01 21:47:20] include(): Failed opening '/../include/header.php' for inclusion (include_path='D:\xampp\php\PEAR') in D:\programming\degree\y2s2\web-php\assignment\PHPshop\app\login.php on line 66
[2025-04-01 21:47:20] include(D:\programming\degree\y2s2\web-php\assignment\PHPshop\app/../include/footer.php): Failed to open stream: No such file or directory in D:\programming\degree\y2s2\web-php\assignment\PHPshop\app\login.php on line 104
[2025-04-01 21:47:20] include(): Failed opening 'D:\programming\degree\y2s2\web-php\assignment\PHPshop\app/../include/footer.php' for inclusion (include_path='D:\xampp\php\PEAR') in D:\programming\degree\y2s2\web-php\assignment\PHPshop\app\login.php on line 104
[2025-04-01 21:47:22] include(D:\programming\degree\y2s2\web-php\assignment\PHPshop\app/../include/header.php): Failed to open stream: No such file or directory in D:\programming\degree\y2s2\web-php\assignment\PHPshop\app\signup.php on line 96
[2025-04-01 21:47:22] include(): Failed opening 'D:\programming\degree\y2s2\web-php\assignment\PHPshop\app/../include/header.php' for inclusion (include_path='D:\xampp\php\PEAR') in D:\programming\degree\y2s2\web-php\assignment\PHPshop\app\signup.php on line 96
[2025-04-01 21:47:22] include(D:\programming\degree\y2s2\web-php\assignment\PHPshop\app/../include/footer.php): Failed to open stream: No such file or directory in D:\programming\degree\y2s2\web-php\assignment\PHPshop\app\signup.php on line 133
[2025-04-01 21:47:22] include(): Failed opening 'D:\programming\degree\y2s2\web-php\assignment\PHPshop\app/../include/footer.php' for inclusion (include_path='D:\xampp\php\PEAR') in D:\programming\degree\y2s2\web-php\assignment\PHPshop\app\signup.php on line 133
[2025-04-01 22:08:15] include(D:\programming\degree\y2s2\web-php\assignment\PHPshop\app/../include/header.php): Failed to open stream: No such file or directory in D:\programming\degree\y2s2\web-php\assignment\PHPshop\app\signup.php on line 96
[2025-04-01 22:08:15] include(): Failed opening 'D:\programming\degree\y2s2\web-php\assignment\PHPshop\app/../include/header.php' for inclusion (include_path='D:\xampp\php\PEAR') in D:\programming\degree\y2s2\web-php\assignment\PHPshop\app\signup.php on line 96
[2025-04-01 22:08:15] include(D:\programming\degree\y2s2\web-php\assignment\PHPshop\app/../include/footer.php): Failed to open stream: No such file or directory in D:\programming\degree\y2s2\web-php\assignment\PHPshop\app\signup.php on line 133
[2025-04-01 22:08:15] include(): Failed opening 'D:\programming\degree\y2s2\web-php\assignment\PHPshop\app/../include/footer.php' for inclusion (include_path='D:\xampp\php\PEAR') in D:\programming\degree\y2s2\web-php\assignment\PHPshop\app\signup.php on line 133
[2025-04-01 22:08:28] Cannot access "self" when no class scope is active
[2025-04-01 22:11:35] include(D:\programming\degree\y2s2\web-php\assignment\PHPshop\app/../include/header.php): Failed to open stream: No such file or directory in D:\programming\degree\y2s2\web-php\assignment\PHPshop\app\signup.php on line 99
[2025-04-01 22:11:35] include(): Failed opening 'D:\programming\degree\y2s2\web-php\assignment\PHPshop\app/../include/header.php' for inclusion (include_path='D:\xampp\php\PEAR') in D:\programming\degree\y2s2\web-php\assignment\PHPshop\app\signup.php on line 99
[2025-04-01 22:11:35] include(D:\programming\degree\y2s2\web-php\assignment\PHPshop\app/../include/footer.php): Failed to open stream: No such file or directory in D:\programming\degree\y2s2\web-php\assignment\PHPshop\app\signup.php on line 136
[2025-04-01 22:11:35] include(): Failed opening 'D:\programming\degree\y2s2\web-php\assignment\PHPshop\app/../include/footer.php' for inclusion (include_path='D:\xampp\php\PEAR') in D:\programming\degree\y2s2\web-php\assignment\PHPshop\app\signup.php on line 136
[2025-04-01 22:11:39] Cannot access "self" when no class scope is active
[2025-04-01 22:12:44] include(D:\programming\degree\y2s2\web-php\assignment\PHPshop\app/../include/header.php): Failed to open stream: No such file or directory in D:\programming\degree\y2s2\web-php\assignment\PHPshop\app\signup.php on line 98
[2025-04-01 22:12:44] include(): Failed opening 'D:\programming\degree\y2s2\web-php\assignment\PHPshop\app/../include/header.php' for inclusion (include_path='D:\xampp\php\PEAR') in D:\programming\degree\y2s2\web-php\assignment\PHPshop\app\signup.php on line 98
[2025-04-01 22:12:44] include(D:\programming\degree\y2s2\web-php\assignment\PHPshop\app/../include/footer.php): Failed to open stream: No such file or directory in D:\programming\degree\y2s2\web-php\assignment\PHPshop\app\signup.php on line 135
[2025-04-01 22:12:44] include(): Failed opening 'D:\programming\degree\y2s2\web-php\assignment\PHPshop\app/../include/footer.php' for inclusion (include_path='D:\xampp\php\PEAR') in D:\programming\degree\y2s2\web-php\assignment\PHPshop\app\signup.php on line 135
[2025-04-01 22:20:45] Call to undefined function temp()
[2025-04-01 22:26:54] session_start(): Ignoring session_start() because a session is already active in D:\programming\degree\y2s2\web-php\assignment\PHPshop\app\include\base.php on line 16
[2025-04-01 22:26:56] session_start(): Ignoring session_start() because a session is already active in D:\programming\degree\y2s2\web-php\assignment\PHPshop\app\include\base.php on line 16
[2025-04-01 22:59:36] include(D:\programming\degree\y2s2\web-php\assignment\PHPshop\app\include/../templates/errors/404.php): Failed to open stream: No such file or directory in D:\programming\degree\y2s2\web-php\assignment\PHPshop\app\include\base.php on line 227
[2025-04-01 22:59:36] include(): Failed opening 'D:\programming\degree\y2s2\web-php\assignment\PHPshop\app\include/../templates/errors/404.php' for inclusion (include_path='D:\xampp\php\PEAR') in D:\programming\degree\y2s2\web-php\assignment\PHPshop\app\include\base.php on line 227
[2025-04-01 22:59:37] include(D:\programming\degree\y2s2\web-php\assignment\PHPshop\app\include/../templates/errors/404.php): Failed to open stream: No such file or directory in D:\programming\degree\y2s2\web-php\assignment\PHPshop\app\include\base.php on line 227
[2025-04-01 22:59:37] include(): Failed opening 'D:\programming\degree\y2s2\web-php\assignment\PHPshop\app\include/../templates/errors/404.php' for inclusion (include_path='D:\xampp\php\PEAR') in D:\programming\degree\y2s2\web-php\assignment\PHPshop\app\include\base.php on line 227
[2025-04-01 22:59:38] include(D:\programming\degree\y2s2\web-php\assignment\PHPshop\app\include/../templates/errors/404.php): Failed to open stream: No such file or directory in D:\programming\degree\y2s2\web-php\assignment\PHPshop\app\include\base.php on line 227
[2025-04-01 22:59:38] include(): Failed opening 'D:\programming\degree\y2s2\web-php\assignment\PHPshop\app\include/../templates/errors/404.php' for inclusion (include_path='D:\xampp\php\PEAR') in D:\programming\degree\y2s2\web-php\assignment\PHPshop\app\include\base.php on line 227
[2025-04-01 22:59:46] include(D:\programming\degree\y2s2\web-php\assignment\PHPshop\app\include/../templates/errors/404.php): Failed to open stream: No such file or directory in D:\programming\degree\y2s2\web-php\assignment\PHPshop\app\include\base.php on line 227
[2025-04-01 22:59:46] include(): Failed opening 'D:\programming\degree\y2s2\web-php\assignment\PHPshop\app\include/../templates/errors/404.php' for inclusion (include_path='D:\xampp\php\PEAR') in D:\programming\degree\y2s2\web-php\assignment\PHPshop\app\include\base.php on line 227
[2025-04-01 22:59:56] include(D:\programming\degree\y2s2\web-php\assignment\PHPshop\app\include/../templates/errors/404.php): Failed to open stream: No such file or directory in D:\programming\degree\y2s2\web-php\assignment\PHPshop\app\include\base.php on line 227
[2025-04-01 22:59:56] include(): Failed opening 'D:\programming\degree\y2s2\web-php\assignment\PHPshop\app\include/../templates/errors/404.php' for inclusion (include_path='D:\xampp\php\PEAR') in D:\programming\degree\y2s2\web-php\assignment\PHPshop\app\include\base.php on line 227
[2025-04-01 23:00:48] include(D:\programming\degree\y2s2\web-php\assignment\PHPshop\app\include/../templates/errors/404.php): Failed to open stream: No such file or directory in D:\programming\degree\y2s2\web-php\assignment\PHPshop\app\include\base.php on line 227
[2025-04-01 23:00:48] include(): Failed opening 'D:\programming\degree\y2s2\web-php\assignment\PHPshop\app\include/../templates/errors/404.php' for inclusion (include_path='D:\xampp\php\PEAR') in D:\programming\degree\y2s2\web-php\assignment\PHPshop\app\include\base.php on line 227
[2025-04-01 23:03:38] include(/../include/header.php): Failed to open stream: No such file or directory in D:\programming\degree\y2s2\web-php\assignment\PHPshop\app\login.php on line 66
[2025-04-01 23:03:38] include(): Failed opening '/../include/header.php' for inclusion (include_path='D:\xampp\php\PEAR') in D:\programming\degree\y2s2\web-php\assignment\PHPshop\app\login.php on line 66
[2025-04-01 23:03:38] include(D:\programming\degree\y2s2\web-php\assignment\PHPshop\app/../include/footer.php): Failed to open stream: No such file or directory in D:\programming\degree\y2s2\web-php\assignment\PHPshop\app\login.php on line 104
[2025-04-01 23:03:38] include(): Failed opening 'D:\programming\degree\y2s2\web-php\assignment\PHPshop\app/../include/footer.php' for inclusion (include_path='D:\xampp\php\PEAR') in D:\programming\degree\y2s2\web-php\assignment\PHPshop\app\login.php on line 104
[2025-04-01 23:28:13] Undefined variable $title_suffix in D:\programming\degree\y2s2\web-php\assignment\PHPshop\app\include\header.php on line 19
[2025-04-01 23:28:13] Undefined variable $is_signup_page in D:\programming\degree\y2s2\web-php\assignment\PHPshop\app\include\header.php on line 21
[2025-04-01 23:28:13] Undefined variable $is_login_page in D:\programming\degree\y2s2\web-php\assignment\PHPshop\app\include\header.php on line 24
[2025-04-01 23:28:33] Undefined variable $title_suffix in D:\programming\degree\y2s2\web-php\assignment\PHPshop\app\include\header.php on line 19
[2025-04-01 23:28:33] Undefined variable $is_signup_page in D:\programming\degree\y2s2\web-php\assignment\PHPshop\app\include\header.php on line 21
[2025-04-01 23:28:33] Undefined variable $is_login_page in D:\programming\degree\y2s2\web-php\assignment\PHPshop\app\include\header.php on line 24
[2025-04-01 23:28:45] include(D:\programming\degree\y2s2\web-php\assignment\PHPshop\app/../include/header.php): Failed to open stream: No such file or directory in D:\programming\degree\y2s2\web-php\assignment\PHPshop\app\signup.php on line 100
[2025-04-01 23:28:45] include(): Failed opening 'D:\programming\degree\y2s2\web-php\assignment\PHPshop\app/../include/header.php' for inclusion (include_path='D:\xampp\php\PEAR') in D:\programming\degree\y2s2\web-php\assignment\PHPshop\app\signup.php on line 100
[2025-04-01 23:28:45] include(D:\programming\degree\y2s2\web-php\assignment\PHPshop\app/../include/footer.php): Failed to open stream: No such file or directory in D:\programming\degree\y2s2\web-php\assignment\PHPshop\app\signup.php on line 137
[2025-04-01 23:28:45] include(): Failed opening 'D:\programming\degree\y2s2\web-php\assignment\PHPshop\app/../include/footer.php' for inclusion (include_path='D:\xampp\php\PEAR') in D:\programming\degree\y2s2\web-php\assignment\PHPshop\app\signup.php on line 137
[2025-04-01 23:28:51] Undefined variable $title_suffix in D:\programming\degree\y2s2\web-php\assignment\PHPshop\app\include\header.php on line 19
[2025-04-01 23:28:51] Undefined variable $is_signup_page in D:\programming\degree\y2s2\web-php\assignment\PHPshop\app\include\header.php on line 21
[2025-04-01 23:28:51] Undefined variable $is_login_page in D:\programming\degree\y2s2\web-php\assignment\PHPshop\app\include\header.php on line 24
[2025-04-01 23:29:15] session_start(): Ignoring session_start() because a session is already active in D:\programming\degree\y2s2\web-php\assignment\PHPshop\app\include\base.php on line 15
[2025-04-01 23:31:14] include(D:\programming\degree\y2s2\web-php\assignment\PHPshop\app/../include/header.php): Failed to open stream: No such file or directory in D:\programming\degree\y2s2\web-php\assignment\PHPshop\app\signup.php on line 100
[2025-04-01 23:31:14] include(): Failed opening 'D:\programming\degree\y2s2\web-php\assignment\PHPshop\app/../include/header.php' for inclusion (include_path='D:\xampp\php\PEAR') in D:\programming\degree\y2s2\web-php\assignment\PHPshop\app\signup.php on line 100
[2025-04-01 23:31:14] include(D:\programming\degree\y2s2\web-php\assignment\PHPshop\app/../include/footer.php): Failed to open stream: No such file or directory in D:\programming\degree\y2s2\web-php\assignment\PHPshop\app\signup.php on line 137
[2025-04-01 23:31:14] include(): Failed opening 'D:\programming\degree\y2s2\web-php\assignment\PHPshop\app/../include/footer.php' for inclusion (include_path='D:\xampp\php\PEAR') in D:\programming\degree\y2s2\web-php\assignment\PHPshop\app\signup.php on line 137
[2025-04-01 23:40:01] include(D:\programming\degree\y2s2\web-php\assignment\PHPshop\app/../include/header.php): Failed to open stream: No such file or directory in D:\programming\degree\y2s2\web-php\assignment\PHPshop\app\signup.php on line 102
[2025-04-01 23:40:01] include(): Failed opening 'D:\programming\degree\y2s2\web-php\assignment\PHPshop\app/../include/header.php' for inclusion (include_path='D:\xampp\php\PEAR') in D:\programming\degree\y2s2\web-php\assignment\PHPshop\app\signup.php on line 102
[2025-04-01 23:40:01] include(D:\programming\degree\y2s2\web-php\assignment\PHPshop\app/../include/footer.php): Failed to open stream: No such file or directory in D:\programming\degree\y2s2\web-php\assignment\PHPshop\app\signup.php on line 139
[2025-04-01 23:40:01] include(): Failed opening 'D:\programming\degree\y2s2\web-php\assignment\PHPshop\app/../include/footer.php' for inclusion (include_path='D:\xampp\php\PEAR') in D:\programming\degree\y2s2\web-php\assignment\PHPshop\app\signup.php on line 139
[2025-04-01 23:40:15] include(D:\programming\degree\y2s2\web-php\assignment\PHPshop\app/../include/header.php): Failed to open stream: No such file or directory in D:\programming\degree\y2s2\web-php\assignment\PHPshop\app\signup.php on line 102
[2025-04-01 23:40:15] include(): Failed opening 'D:\programming\degree\y2s2\web-php\assignment\PHPshop\app/../include/header.php' for inclusion (include_path='D:\xampp\php\PEAR') in D:\programming\degree\y2s2\web-php\assignment\PHPshop\app\signup.php on line 102
[2025-04-01 23:40:15] include(D:\programming\degree\y2s2\web-php\assignment\PHPshop\app/../include/footer.php): Failed to open stream: No such file or directory in D:\programming\degree\y2s2\web-php\assignment\PHPshop\app\signup.php on line 139
[2025-04-01 23:40:15] include(): Failed opening 'D:\programming\degree\y2s2\web-php\assignment\PHPshop\app/../include/footer.php' for inclusion (include_path='D:\xampp\php\PEAR') in D:\programming\degree\y2s2\web-php\assignment\PHPshop\app\signup.php on line 139
[2025-04-01 23:41:24] include(D:\programming\degree\y2s2\web-php\assignment\PHPshop\app/../include/header.php): Failed to open stream: No such file or directory in D:\programming\degree\y2s2\web-php\assignment\PHPshop\app\signup.php on line 102
[2025-04-01 23:41:24] include(): Failed opening 'D:\programming\degree\y2s2\web-php\assignment\PHPshop\app/../include/header.php' for inclusion (include_path='D:\xampp\php\PEAR') in D:\programming\degree\y2s2\web-php\assignment\PHPshop\app\signup.php on line 102
[2025-04-01 23:41:24] include(D:\programming\degree\y2s2\web-php\assignment\PHPshop\app/../include/footer.php): Failed to open stream: No such file or directory in D:\programming\degree\y2s2\web-php\assignment\PHPshop\app\signup.php on line 139
[2025-04-01 23:41:24] include(): Failed opening 'D:\programming\degree\y2s2\web-php\assignment\PHPshop\app/../include/footer.php' for inclusion (include_path='D:\xampp\php\PEAR') in D:\programming\degree\y2s2\web-php\assignment\PHPshop\app\signup.php on line 139
